[2022-09-14 17:14:20] local.ERROR: SQLSTATE[HY000]: General error: 1364 Field 'name' doesn't have a default value (SQL: insert into `books` (`user_id`, `genre_id`, `updated_at`, `created_at`) values (1, 1, 2022-09-14 17:14:20, 2022-09-14 17:14:20)) {"exception":"[object] (Illuminate\\Database\\QueryException(code: HY000): SQLSTATE[HY000]: General error: 1364 Field 'name' doesn't have a default value (SQL: insert into `books` (`user_id`, `genre_id`, `updated_at`, `created_at`) values (1, 1, 2022-09-14 17:14:20, 2022-09-14 17:14:20)) at C:\\Users\\38164\\Desktop\\Ana_iteh\\ana_iteh\\vendor\\laravel\\framework\\src\\Illuminate\\Database\\Connection.php:759)
[stacktrace]
#0 C:\\Users\\38164\\Desktop\\Ana_iteh\\ana_iteh\\vendor\\laravel\\framework\\src\\Illuminate\\Database\\Connection.php(719): Illuminate\\Database\\Connection->runQueryCallback('insert into `bo...', Array, Object(Closure))
#1 C:\\Users\\38164\\Desktop\\Ana_iteh\\ana_iteh\\vendor\\laravel\\framework\\src\\Illuminate\\Database\\Connection.php(545): Illuminate\\Database\\Connection->run('insert into `bo...', Array, Object(Closure))
#2 C:\\Users\\38164\\Desktop\\Ana_iteh\\ana_iteh\\vendor\\laravel\\framework\\src\\Illuminate\\Database\\Connection.php(497): Illuminate\\Database\\Connection->statement('insert into `bo...', Array)
#3 C:\\Users\\38164\\Desktop\\Ana_iteh\\ana_iteh\\vendor\\laravel\\framework\\src\\Illuminate\\Database\\Query\\Processors\\Processor.php(32): Illuminate\\Database\\Connection->insert('insert into `bo...', Array)
#4 C:\\Users\\38164\\Desktop\\Ana_iteh\\ana_iteh\\vendor\\laravel\\framework\\src\\Illuminate\\Database\\Query\\Builder.php(3252): Illuminate\\Database\\Query\\Processors\\Processor->processInsertGetId(Object(Illuminate\\Database\\Query\\Builder), 'insert into `bo...', Array, 'id')
#5 C:\\Users\\38164\\Desktop\\Ana_iteh\\ana_iteh\\vendor\\laravel\\framework\\src\\Illuminate\\Database\\Eloquent\\Builder.php(1858): Illuminate\\Database\\Query\\Builder->insertGetId(Array, 'id')
#6 C:\\Users\\38164\\Desktop\\Ana_iteh\\ana_iteh\\vendor\\laravel\\framework\\src\\Illuminate\\Database\\Eloquent\\Model.php(1244): Illuminate\\Database\\Eloquent\\Builder->__call('insertGetId', Array)
#7 C:\\Users\\38164\\Desktop\\Ana_iteh\\ana_iteh\\vendor\\laravel\\framework\\src\\Illuminate\\Database\\Eloquent\\Model.php(1209): Illuminate\\Database\\Eloquent\\Model->insertAndSetId(Object(Illuminate\\Database\\Eloquent\\Builder), Array)
#8 C:\\Users\\38164\\Desktop\\Ana_iteh\\ana_iteh\\vendor\\laravel\\framework\\src\\Illuminate\\Database\\Eloquent\\Model.php(1050): Illuminate\\Database\\Eloquent\\Model->performInsert(Object(Illuminate\\Database\\Eloquent\\Builder))
#9 C:\\Users\\38164\\Desktop\\Ana_iteh\\ana_iteh\\vendor\\laravel\\framework\\src\\Illuminate\\Database\\Eloquent\\Factories\\Factory.php(319): Illuminate\\Database\\Eloquent\\Model->save()
#10 C:\\Users\\38164\\Desktop\\Ana_iteh\\ana_iteh\\vendor\\laravel\\framework\\src\\Illuminate\\Collections\\Traits\\EnumeratesValues.php(262): Illuminate\\Database\\Eloquent\\Factories\\Factory->Illuminate\\Database\\Eloquent\\Factories\\{closure}(Object(App\\Models\\Book), 0)
#11 C:\\Users\\38164\\Desktop\\Ana_iteh\\ana_iteh\\vendor\\laravel\\framework\\src\\Illuminate\\Database\\Eloquent\\Factories\\Factory.php(322): Illuminate\\Support\\Collection->each(Object(Closure))
#12 C:\\Users\\38164\\Desktop\\Ana_iteh\\ana_iteh\\vendor\\laravel\\framework\\src\\Illuminate\\Database\\Eloquent\\Factories\\Factory.php(272): Illuminate\\Database\\Eloquent\\Factories\\Factory->store(Object(Illuminate\\Database\\Eloquent\\Collection))
#13 C:\\Users\\38164\\Desktop\\Ana_iteh\\ana_iteh\\vendor\\laravel\\framework\\src\\Illuminate\\Database\\Eloquent\\Factories\\Factory.php(262): Illuminate\\Database\\Eloquent\\Factories\\Factory->create(Array, NULL)
#14 C:\\Users\\38164\\Desktop\\Ana_iteh\\ana_iteh\\database\\seeders\\DatabaseSeeder.php(33): Illuminate\\Database\\Eloquent\\Factories\\Factory->create(Array)
#15 C:\\Users\\38164\\Desktop\\Ana_iteh\\ana_iteh\\vendor\\laravel\\framework\\src\\Illuminate\\Container\\BoundMethod.php(36): Database\\Seeders\\DatabaseSeeder->run()
#16 C:\\Users\\38164\\Desktop\\Ana_iteh\\ana_iteh\\vendor\\laravel\\framework\\src\\Illuminate\\Container\\Util.php(41): Illuminate\\Container\\BoundMethod::Illuminate\\Container\\{closure}()
#17 C:\\Users\\38164\\Desktop\\Ana_iteh\\ana_iteh\\vendor\\laravel\\framework\\src\\Illuminate\\Container\\BoundMethod.php(93): Illuminate\\Container\\Util::unwrapIfClosure(Object(Closure))
#18 C:\\Users\\38164\\Desktop\\Ana_iteh\\ana_iteh\\vendor\\laravel\\framework\\src\\Illuminate\\Container\\BoundMethod.php(37): Illuminate\\Container\\BoundMethod::callBoundMethod(Object(Illuminate\\Foundation\\Application), Array, Object(Closure))
#19 C:\\Users\\38164\\Desktop\\Ana_iteh\\ana_iteh\\vendor\\laravel\\framework\\src\\Illuminate\\Container\\Container.php(651): Illuminate\\Container\\BoundMethod::call(Object(Illuminate\\Foundation\\Application), Array, Array, NULL)
#20 C:\\Users\\38164\\Desktop\\Ana_iteh\\ana_iteh\\vendor\\laravel\\framework\\src\\Illuminate\\Database\\Seeder.php(184): Illuminate\\Container\\Container->call(Array, Array)
#21 C:\\Users\\38164\\Desktop\\Ana_iteh\\ana_iteh\\vendor\\laravel\\framework\\src\\Illuminate\\Database\\Seeder.php(193): Illuminate\\Database\\Seeder->Illuminate\\Database\\{closure}()
#22 C:\\Users\\38164\\Desktop\\Ana_iteh\\ana_iteh\\vendor\\laravel\\framework\\src\\Illuminate\\Database\\Console\\Seeds\\SeedCommand.php(81): Illuminate\\Database\\Seeder->__invoke()
#23 C:\\Users\\38164\\Desktop\\Ana_iteh\\ana_iteh\\vendor\\laravel\\framework\\src\\Illuminate\\Database\\Eloquent\\Concerns\\GuardsAttributes.php(155): Illuminate\\Database\\Console\\Seeds\\SeedCommand->Illuminate\\Database\\Console\\Seeds\\{closure}()
#24 C:\\Users\\38164\\Desktop\\Ana_iteh\\ana_iteh\\vendor\\laravel\\framework\\src\\Illuminate\\Database\\Console\\Seeds\\SeedCommand.php(82): Illuminate\\Database\\Eloquent\\Model::unguarded(Object(Closure))
#25 C:\\Users\\38164\\Desktop\\Ana_iteh\\ana_iteh\\vendor\\laravel\\framework\\src\\Illuminate\\Container\\BoundMethod.php(36): Illuminate\\Database\\Console\\Seeds\\SeedCommand->handle()
#26 C:\\Users\\38164\\Desktop\\Ana_iteh\\ana_iteh\\vendor\\laravel\\framework\\src\\Illuminate\\Container\\Util.php(41): Illuminate\\Container\\BoundMethod::Illuminate\\Container\\{closure}()
#27 C:\\Users\\38164\\Desktop\\Ana_iteh\\ana_iteh\\vendor\\laravel\\framework\\src\\Illuminate\\Container\\BoundMethod.php(93): Illuminate\\Container\\Util::unwrapIfClosure(Object(Closure))
#28 C:\\Users\\38164\\Desktop\\Ana_iteh\\ana_iteh\\vendor\\laravel\\framework\\src\\Illuminate\\Container\\BoundMethod.php(37): Illuminate\\Container\\BoundMethod::callBoundMethod(Object(Illuminate\\Foundation\\Application), Array, Object(Closure))
#29 C:\\Users\\38164\\Desktop\\Ana_iteh\\ana_iteh\\vendor\\laravel\\framework\\src\\Illuminate\\Container\\Container.php(651): Illuminate\\Container\\BoundMethod::call(Object(Illuminate\\Foundation\\Application), Array, Array, NULL)
#30 C:\\Users\\38164\\Desktop\\Ana_iteh\\ana_iteh\\vendor\\laravel\\framework\\src\\Illuminate\\Console\\Command.php(144): Illuminate\\Container\\Container->call(Array)
#31 C:\\Users\\38164\\Desktop\\Ana_iteh\\ana_iteh\\vendor\\symfony\\console\\Command\\Command.php(308): Illuminate\\Console\\Command->execute(Object(Symfony\\Component\\Console\\Input\\ArgvInput), Object(Illuminate\\Console\\OutputStyle))
#32 C:\\Users\\38164\\Desktop\\Ana_iteh\\ana_iteh\\vendor\\laravel\\framework\\src\\Illuminate\\Console\\Command.php(126): Symfony\\Component\\Console\\Command\\Command->run(Object(Symfony\\Component\\Console\\Input\\ArgvInput), Object(Illuminate\\Console\\OutputStyle))
#33 C:\\Users\\38164\\Desktop\\Ana_iteh\\ana_iteh\\vendor\\symfony\\console\\Application.php(1002): Illuminate\\Console\\Command->run(Object(Symfony\\Component\\Console\\Input\\ArgvInput), Object(Symfony\\Component\\Console\\Output\\ConsoleOutput))
#34 C:\\Users\\38164\\Desktop\\Ana_iteh\\ana_iteh\\vendor\\symfony\\console\\Application.php(299): Symfony\\Component\\Console\\Application->doRunCommand(Object(Illuminate\\Database\\Console\\Seeds\\SeedCommand), Object(Symfony\\Component\\Console\\Input\\ArgvInput), Object(Symfony\\Component\\Console\\Output\\ConsoleOutput))
#35 C:\\Users\\38164\\Desktop\\Ana_iteh\\ana_iteh\\vendor\\symfony\\console\\Application.php(171): Symfony\\Component\\Console\\Application->doRun(Object(Symfony\\Component\\Console\\Input\\ArgvInput), Object(Symfony\\Component\\Console\\Output\\ConsoleOutput))
#36 C:\\Users\\38164\\Desktop\\Ana_iteh\\ana_iteh\\vendor\\laravel\\framework\\src\\Illuminate\\Console\\Application.php(102): Symfony\\Component\\Console\\Application->run(Object(Symfony\\Component\\Console\\Input\\ArgvInput), Object(Symfony\\Component\\Console\\Output\\ConsoleOutput))
#37 C:\\Users\\38164\\Desktop\\Ana_iteh\\ana_iteh\\vendor\\laravel\\framework\\src\\Illuminate\\Foundation\\Console\\Kernel.php(129): Illuminate\\Console\\Application->run(Object(Symfony\\Component\\Console\\Input\\ArgvInput), Object(Symfony\\Component\\Console\\Output\\ConsoleOutput))
#38 C:\\Users\\38164\\Desktop\\Ana_iteh\\ana_iteh\\artisan(37): Illuminate\\Foundation\\Console\\Kernel->handle(Object(Symfony\\Component\\Console\\Input\\ArgvInput), Object(Symfony\\Component\\Console\\Output\\ConsoleOutput))
#39 {main}

[previous exception] [object] (PDOException(code: HY000): SQLSTATE[HY000]: General error: 1364 Field 'name' doesn't have a default value at C:\\Users\\38164\\Desktop\\Ana_iteh\\ana_iteh\\vendor\\laravel\\framework\\src\\Illuminate\\Database\\Connection.php:544)
[stacktrace]
#0 C:\\Users\\38164\\Desktop\\Ana_iteh\\ana_iteh\\vendor\\laravel\\framework\\src\\Illuminate\\Database\\Connection.php(544): PDOStatement->execute()
#1 C:\\Users\\38164\\Desktop\\Ana_iteh\\ana_iteh\\vendor\\laravel\\framework\\src\\Illuminate\\Database\\Connection.php(752): Illuminate\\Database\\Connection->Illuminate\\Database\\{closure}('insert into `bo...', Array)
#2 C:\\Users\\38164\\Desktop\\Ana_iteh\\ana_iteh\\vendor\\laravel\\framework\\src\\Illuminate\\Database\\Connection.php(719): Illuminate\\Database\\Connection->runQueryCallback('insert into `bo...', Array, Object(Closure))
#3 C:\\Users\\38164\\Desktop\\Ana_iteh\\ana_iteh\\vendor\\laravel\\framework\\src\\Illuminate\\Database\\Connection.php(545): Illuminate\\Database\\Connection->run('insert into `bo...', Array, Object(Closure))
#4 C:\\Users\\38164\\Desktop\\Ana_iteh\\ana_iteh\\vendor\\laravel\\framework\\src\\Illuminate\\Database\\Connection.php(497): Illuminate\\Database\\Connection->statement('insert into `bo...', Array)
#5 C:\\Users\\38164\\Desktop\\Ana_iteh\\ana_iteh\\vendor\\laravel\\framework\\src\\Illuminate\\Database\\Query\\Processors\\Processor.php(32): Illuminate\\Database\\Connection->insert('insert into `bo...', Array)
#6 C:\\Users\\38164\\Desktop\\Ana_iteh\\ana_iteh\\vendor\\laravel\\framework\\src\\Illuminate\\Database\\Query\\Builder.php(3252): Illuminate\\Database\\Query\\Processors\\Processor->processInsertGetId(Object(Illuminate\\Database\\Query\\Builder), 'insert into `bo...', Array, 'id')
#7 C:\\Users\\38164\\Desktop\\Ana_iteh\\ana_iteh\\vendor\\laravel\\framework\\src\\Illuminate\\Database\\Eloquent\\Builder.php(1858): Illuminate\\Database\\Query\\Builder->insertGetId(Array, 'id')
#8 C:\\Users\\38164\\Desktop\\Ana_iteh\\ana_iteh\\vendor\\laravel\\framework\\src\\Illuminate\\Database\\Eloquent\\Model.php(1244): Illuminate\\Database\\Eloquent\\Builder->__call('insertGetId', Array)
#9 C:\\Users\\38164\\Desktop\\Ana_iteh\\ana_iteh\\vendor\\laravel\\framework\\src\\Illuminate\\Database\\Eloquent\\Model.php(1209): Illuminate\\Database\\Eloquent\\Model->insertAndSetId(Object(Illuminate\\Database\\Eloquent\\Builder), Array)
#10 C:\\Users\\38164\\Desktop\\Ana_iteh\\ana_iteh\\vendor\\laravel\\framework\\src\\Illuminate\\Database\\Eloquent\\Model.php(1050): Illuminate\\Database\\Eloquent\\Model->performInsert(Object(Illuminate\\Database\\Eloquent\\Builder))
#11 C:\\Users\\38164\\Desktop\\Ana_iteh\\ana_iteh\\vendor\\laravel\\framework\\src\\Illuminate\\Database\\Eloquent\\Factories\\Factory.php(319): Illuminate\\Database\\Eloquent\\Model->save()
#12 C:\\Users\\38164\\Desktop\\Ana_iteh\\ana_iteh\\vendor\\laravel\\framework\\src\\Illuminate\\Collections\\Traits\\EnumeratesValues.php(262): Illuminate\\Database\\Eloquent\\Factories\\Factory->Illuminate\\Database\\Eloquent\\Factories\\{closure}(Object(App\\Models\\Book), 0)
#13 C:\\Users\\38164\\Desktop\\Ana_iteh\\ana_iteh\\vendor\\laravel\\framework\\src\\Illuminate\\Database\\Eloquent\\Factories\\Factory.php(322): Illuminate\\Support\\Collection->each(Object(Closure))
#14 C:\\Users\\38164\\Desktop\\Ana_iteh\\ana_iteh\\vendor\\laravel\\framework\\src\\Illuminate\\Database\\Eloquent\\Factories\\Factory.php(272): Illuminate\\Database\\Eloquent\\Factories\\Factory->store(Object(Illuminate\\Database\\Eloquent\\Collection))
#15 C:\\Users\\38164\\Desktop\\Ana_iteh\\ana_iteh\\vendor\\laravel\\framework\\src\\Illuminate\\Database\\Eloquent\\Factories\\Factory.php(262): Illuminate\\Database\\Eloquent\\Factories\\Factory->create(Array, NULL)
#16 C:\\Users\\38164\\Desktop\\Ana_iteh\\ana_iteh\\database\\seeders\\DatabaseSeeder.php(33): Illuminate\\Database\\Eloquent\\Factories\\Factory->create(Array)
#17 C:\\Users\\38164\\Desktop\\Ana_iteh\\ana_iteh\\vendor\\laravel\\framework\\src\\Illuminate\\Container\\BoundMethod.php(36): Database\\Seeders\\DatabaseSeeder->run()
#18 C:\\Users\\38164\\Desktop\\Ana_iteh\\ana_iteh\\vendor\\laravel\\framework\\src\\Illuminate\\Container\\Util.php(41): Illuminate\\Container\\BoundMethod::Illuminate\\Container\\{closure}()
#19 C:\\Users\\38164\\Desktop\\Ana_iteh\\ana_iteh\\vendor\\laravel\\framework\\src\\Illuminate\\Container\\BoundMethod.php(93): Illuminate\\Container\\Util::unwrapIfClosure(Object(Closure))
#20 C:\\Users\\38164\\Desktop\\Ana_iteh\\ana_iteh\\vendor\\laravel\\framework\\src\\Illuminate\\Container\\BoundMethod.php(37): Illuminate\\Container\\BoundMethod::callBoundMethod(Object(Illuminate\\Foundation\\Application), Array, Object(Closure))
#21 C:\\Users\\38164\\Desktop\\Ana_iteh\\ana_iteh\\vendor\\laravel\\framework\\src\\Illuminate\\Container\\Container.php(651): Illuminate\\Container\\BoundMethod::call(Object(Illuminate\\Foundation\\Application), Array, Array, NULL)
#22 C:\\Users\\38164\\Desktop\\Ana_iteh\\ana_iteh\\vendor\\laravel\\framework\\src\\Illuminate\\Database\\Seeder.php(184): Illuminate\\Container\\Container->call(Array, Array)
#23 C:\\Users\\38164\\Desktop\\Ana_iteh\\ana_iteh\\vendor\\laravel\\framework\\src\\Illuminate\\Database\\Seeder.php(193): Illuminate\\Database\\Seeder->Illuminate\\Database\\{closure}()
#24 C:\\Users\\38164\\Desktop\\Ana_iteh\\ana_iteh\\vendor\\laravel\\framework\\src\\Illuminate\\Database\\Console\\Seeds\\SeedCommand.php(81): Illuminate\\Database\\Seeder->__invoke()
#25 C:\\Users\\38164\\Desktop\\Ana_iteh\\ana_iteh\\vendor\\laravel\\framework\\src\\Illuminate\\Database\\Eloquent\\Concerns\\GuardsAttributes.php(155): Illuminate\\Database\\Console\\Seeds\\SeedCommand->Illuminate\\Database\\Console\\Seeds\\{closure}()
#26 C:\\Users\\38164\\Desktop\\Ana_iteh\\ana_iteh\\vendor\\laravel\\framework\\src\\Illuminate\\Database\\Console\\Seeds\\SeedCommand.php(82): Illuminate\\Database\\Eloquent\\Model::unguarded(Object(Closure))
#27 C:\\Users\\38164\\Desktop\\Ana_iteh\\ana_iteh\\vendor\\laravel\\framework\\src\\Illuminate\\Container\\BoundMethod.php(36): Illuminate\\Database\\Console\\Seeds\\SeedCommand->handle()
#28 C:\\Users\\38164\\Desktop\\Ana_iteh\\ana_iteh\\vendor\\laravel\\framework\\src\\Illuminate\\Container\\Util.php(41): Illuminate\\Container\\BoundMethod::Illuminate\\Container\\{closure}()
#29 C:\\Users\\38164\\Desktop\\Ana_iteh\\ana_iteh\\vendor\\laravel\\framework\\src\\Illuminate\\Container\\BoundMethod.php(93): Illuminate\\Container\\Util::unwrapIfClosure(Object(Closure))
#30 C:\\Users\\38164\\Desktop\\Ana_iteh\\ana_iteh\\vendor\\laravel\\framework\\src\\Illuminate\\Container\\BoundMethod.php(37): Illuminate\\Container\\BoundMethod::callBoundMethod(Object(Illuminate\\Foundation\\Application), Array, Object(Closure))
#31 C:\\Users\\38164\\Desktop\\Ana_iteh\\ana_iteh\\vendor\\laravel\\framework\\src\\Illuminate\\Container\\Container.php(651): Illuminate\\Container\\BoundMethod::call(Object(Illuminate\\Foundation\\Application), Array, Array, NULL)
#32 C:\\Users\\38164\\Desktop\\Ana_iteh\\ana_iteh\\vendor\\laravel\\framework\\src\\Illuminate\\Console\\Command.php(144): Illuminate\\Container\\Container->call(Array)
#33 C:\\Users\\38164\\Desktop\\Ana_iteh\\ana_iteh\\vendor\\symfony\\console\\Command\\Command.php(308): Illuminate\\Console\\Command->execute(Object(Symfony\\Component\\Console\\Input\\ArgvInput), Object(Illuminate\\Console\\OutputStyle))
#34 C:\\Users\\38164\\Desktop\\Ana_iteh\\ana_iteh\\vendor\\laravel\\framework\\src\\Illuminate\\Console\\Command.php(126): Symfony\\Component\\Console\\Command\\Command->run(Object(Symfony\\Component\\Console\\Input\\ArgvInput), Object(Illuminate\\Console\\OutputStyle))
#35 C:\\Users\\38164\\Desktop\\Ana_iteh\\ana_iteh\\vendor\\symfony\\console\\Application.php(1002): Illuminate\\Console\\Command->run(Object(Symfony\\Component\\Console\\Input\\ArgvInput), Object(Symfony\\Component\\Console\\Output\\ConsoleOutput))
#36 C:\\Users\\38164\\Desktop\\Ana_iteh\\ana_iteh\\vendor\\symfony\\console\\Application.php(299): Symfony\\Component\\Console\\Application->doRunCommand(Object(Illuminate\\Database\\Console\\Seeds\\SeedCommand), Object(Symfony\\Component\\Console\\Input\\ArgvInput), Object(Symfony\\Component\\Console\\Output\\ConsoleOutput))
#37 C:\\Users\\38164\\Desktop\\Ana_iteh\\ana_iteh\\vendor\\symfony\\console\\Application.php(171): Symfony\\Component\\Console\\Application->doRun(Object(Symfony\\Component\\Console\\Input\\ArgvInput), Object(Symfony\\Component\\Console\\Output\\ConsoleOutput))
#38 C:\\Users\\38164\\Desktop\\Ana_iteh\\ana_iteh\\vendor\\laravel\\framework\\src\\Illuminate\\Console\\Application.php(102): Symfony\\Component\\Console\\Application->run(Object(Symfony\\Component\\Console\\Input\\ArgvInput), Object(Symfony\\Component\\Console\\Output\\ConsoleOutput))
#39 C:\\Users\\38164\\Desktop\\Ana_iteh\\ana_iteh\\vendor\\laravel\\framework\\src\\Illuminate\\Foundation\\Console\\Kernel.php(129): Illuminate\\Console\\Application->run(Object(Symfony\\Component\\Console\\Input\\ArgvInput), Object(Symfony\\Component\\Console\\Output\\ConsoleOutput))
#40 C:\\Users\\38164\\Desktop\\Ana_iteh\\ana_iteh\\artisan(37): Illuminate\\Foundation\\Console\\Kernel->handle(Object(Symfony\\Component\\Console\\Input\\ArgvInput), Object(Symfony\\Component\\Console\\Output\\ConsoleOutput))
#41 {main}
"} 
[2022-09-14 17:23:59] local.ERROR: Property [id] does not exist on this collection instance. {"exception":"[object] (Exception(code: 0): Property [id] does not exist on this collection instance. at C:\\Users\\38164\\Desktop\\Ana_iteh\\ana_iteh\\vendor\\laravel\\framework\\src\\Illuminate\\Collections\\Traits\\EnumeratesValues.php:963)
[stacktrace]
#0 C:\\Users\\38164\\Desktop\\Ana_iteh\\ana_iteh\\database\\seeders\\DatabaseSeeder.php(32): Illuminate\\Support\\Collection->__get('id')
#1 C:\\Users\\38164\\Desktop\\Ana_iteh\\ana_iteh\\vendor\\laravel\\framework\\src\\Illuminate\\Container\\BoundMethod.php(36): Database\\Seeders\\DatabaseSeeder->run()
#2 C:\\Users\\38164\\Desktop\\Ana_iteh\\ana_iteh\\vendor\\laravel\\framework\\src\\Illuminate\\Container\\Util.php(41): Illuminate\\Container\\BoundMethod::Illuminate\\Container\\{closure}()
#3 C:\\Users\\38164\\Desktop\\Ana_iteh\\ana_iteh\\vendor\\laravel\\framework\\src\\Illuminate\\Container\\BoundMethod.php(93): Illuminate\\Container\\Util::unwrapIfClosure(Object(Closure))
#4 C:\\Users\\38164\\Desktop\\Ana_iteh\\ana_iteh\\vendor\\laravel\\framework\\src\\Illuminate\\Container\\BoundMethod.php(37): Illuminate\\Container\\BoundMethod::callBoundMethod(Object(Illuminate\\Foundation\\Application), Array, Object(Closure))
#5 C:\\Users\\38164\\Desktop\\Ana_iteh\\ana_iteh\\vendor\\laravel\\framework\\src\\Illuminate\\Container\\Container.php(651): Illuminate\\Container\\BoundMethod::call(Object(Illuminate\\Foundation\\Application), Array, Array, NULL)
#6 C:\\Users\\38164\\Desktop\\Ana_iteh\\ana_iteh\\vendor\\laravel\\framework\\src\\Illuminate\\Database\\Seeder.php(184): Illuminate\\Container\\Container->call(Array, Array)
#7 C:\\Users\\38164\\Desktop\\Ana_iteh\\ana_iteh\\vendor\\laravel\\framework\\src\\Illuminate\\Database\\Seeder.php(193): Illuminate\\Database\\Seeder->Illuminate\\Database\\{closure}()
#8 C:\\Users\\38164\\Desktop\\Ana_iteh\\ana_iteh\\vendor\\laravel\\framework\\src\\Illuminate\\Database\\Console\\Seeds\\SeedCommand.php(81): Illuminate\\Database\\Seeder->__invoke()
#9 C:\\Users\\38164\\Desktop\\Ana_iteh\\ana_iteh\\vendor\\laravel\\framework\\src\\Illuminate\\Database\\Eloquent\\Concerns\\GuardsAttributes.php(155): Illuminate\\Database\\Console\\Seeds\\SeedCommand->Illuminate\\Database\\Console\\Seeds\\{closure}()
#10 C:\\Users\\38164\\Desktop\\Ana_iteh\\ana_iteh\\vendor\\laravel\\framework\\src\\Illuminate\\Database\\Console\\Seeds\\SeedCommand.php(82): Illuminate\\Database\\Eloquent\\Model::unguarded(Object(Closure))
#11 C:\\Users\\38164\\Desktop\\Ana_iteh\\ana_iteh\\vendor\\laravel\\framework\\src\\Illuminate\\Container\\BoundMethod.php(36): Illuminate\\Database\\Console\\Seeds\\SeedCommand->handle()
#12 C:\\Users\\38164\\Desktop\\Ana_iteh\\ana_iteh\\vendor\\laravel\\framework\\src\\Illuminate\\Container\\Util.php(41): Illuminate\\Container\\BoundMethod::Illuminate\\Container\\{closure}()
#13 C:\\Users\\38164\\Desktop\\Ana_iteh\\ana_iteh\\vendor\\laravel\\framework\\src\\Illuminate\\Container\\BoundMethod.php(93): Illuminate\\Container\\Util::unwrapIfClosure(Object(Closure))
#14 C:\\Users\\38164\\Desktop\\Ana_iteh\\ana_iteh\\vendor\\laravel\\framework\\src\\Illuminate\\Container\\BoundMethod.php(37): Illuminate\\Container\\BoundMethod::callBoundMethod(Object(Illuminate\\Foundation\\Application), Array, Object(Closure))
#15 C:\\Users\\38164\\Desktop\\Ana_iteh\\ana_iteh\\vendor\\laravel\\framework\\src\\Illuminate\\Container\\Container.php(651): Illuminate\\Container\\BoundMethod::call(Object(Illuminate\\Foundation\\Application), Array, Array, NULL)
#16 C:\\Users\\38164\\Desktop\\Ana_iteh\\ana_iteh\\vendor\\laravel\\framework\\src\\Illuminate\\Console\\Command.php(144): Illuminate\\Container\\Container->call(Array)
#17 C:\\Users\\38164\\Desktop\\Ana_iteh\\ana_iteh\\vendor\\symfony\\console\\Command\\Command.php(308): Illuminate\\Console\\Command->execute(Object(Symfony\\Component\\Console\\Input\\ArgvInput), Object(Illuminate\\Console\\OutputStyle))
#18 C:\\Users\\38164\\Desktop\\Ana_iteh\\ana_iteh\\vendor\\laravel\\framework\\src\\Illuminate\\Console\\Command.php(126): Symfony\\Component\\Console\\Command\\Command->run(Object(Symfony\\Component\\Console\\Input\\ArgvInput), Object(Illuminate\\Console\\OutputStyle))
#19 C:\\Users\\38164\\Desktop\\Ana_iteh\\ana_iteh\\vendor\\symfony\\console\\Application.php(1002): Illuminate\\Console\\Command->run(Object(Symfony\\Component\\Console\\Input\\ArgvInput), Object(Symfony\\Component\\Console\\Output\\ConsoleOutput))
#20 C:\\Users\\38164\\Desktop\\Ana_iteh\\ana_iteh\\vendor\\symfony\\console\\Application.php(299): Symfony\\Component\\Console\\Application->doRunCommand(Object(Illuminate\\Database\\Console\\Seeds\\SeedCommand), Object(Symfony\\Component\\Console\\Input\\ArgvInput), Object(Symfony\\Component\\Console\\Output\\ConsoleOutput))
#21 C:\\Users\\38164\\Desktop\\Ana_iteh\\ana_iteh\\vendor\\symfony\\console\\Application.php(171): Symfony\\Component\\Console\\Application->doRun(Object(Symfony\\Component\\Console\\Input\\ArgvInput), Object(Symfony\\Component\\Console\\Output\\ConsoleOutput))
#22 C:\\Users\\38164\\Desktop\\Ana_iteh\\ana_iteh\\vendor\\laravel\\framework\\src\\Illuminate\\Console\\Application.php(102): Symfony\\Component\\Console\\Application->run(Object(Symfony\\Component\\Console\\Input\\ArgvInput), Object(Symfony\\Component\\Console\\Output\\ConsoleOutput))
#23 C:\\Users\\38164\\Desktop\\Ana_iteh\\ana_iteh\\vendor\\laravel\\framework\\src\\Illuminate\\Foundation\\Console\\Kernel.php(129): Illuminate\\Console\\Application->run(Object(Symfony\\Component\\Console\\Input\\ArgvInput), Object(Symfony\\Component\\Console\\Output\\ConsoleOutput))
#24 C:\\Users\\38164\\Desktop\\Ana_iteh\\ana_iteh\\artisan(37): Illuminate\\Foundation\\Console\\Kernel->handle(Object(Symfony\\Component\\Console\\Input\\ArgvInput), Object(Symfony\\Component\\Console\\Output\\ConsoleOutput))
#25 {main}
"} 
